<?xml version="1.0" encoding="UTF-8"?>
<testsuite name="SILab2Test" tests="2" skipped="0" failures="0" errors="0" timestamp="2020-06-10T22:14:11" hostname="DESKTOP-A6RE8MS" time="0.08">
  <properties/>
  <testcase name="TestEveryStatement()" classname="SILab2Test" time="0.07"/>
  <testcase name="MultipleCondition()" classname="SILab2Test" time="0.008"/>
  <system-out><![CDATA[]]></system-out>
  <system-err><![CDATA[]]></system-err>
</testsuite>
